{"C:\\Users\\ochbo\\Desktop\\CareerFoundry\\meet\\src\\App.js": {"path":"C:\\Users\\ochbo\\Desktop\\CareerFoundry\\meet\\src\\App.js","statementMap":{"0":{"start":{"line":10,"column":9},"end":{"line":14,"column":2}},"1":{"start":{"line":16,"column":19},"end":{"line":20,"column":2}},"2":{"start":{"line":17,"column":2},"end":{"line":19,"column":5}},"3":{"start":{"line":22,"column":16},"end":{"line":32,"column":2}},"4":{"start":{"line":23,"column":2},"end":{"line":31,"column":5}},"5":{"start":{"line":25,"column":4},"end":{"line":27,"column":60}},"6":{"start":{"line":27,"column":32},"end":{"line":27,"column":59}},"7":{"start":{"line":28,"column":3},"end":{"line":30,"column":6}},"8":{"start":{"line":35,"column":2},"end":{"line":35,"column":22}},"9":{"start":{"line":36,"column":2},"end":{"line":43,"column":5}},"10":{"start":{"line":37,"column":3},"end":{"line":42,"column":4}},"11":{"start":{"line":38,"column":4},"end":{"line":41,"column":7}},"12":{"start":{"line":47,"column":2},"end":{"line":47,"column":23}},"13":{"start":{"line":51,"column":2},"end":{"line":67,"column":4}}},"fnMap":{"0":{"name":"(anonymous_0)","decl":{"start":{"line":16,"column":19},"end":{"line":16,"column":20}},"loc":{"start":{"line":16,"column":30},"end":{"line":20,"column":2}},"line":16},"1":{"name":"(anonymous_1)","decl":{"start":{"line":22,"column":16},"end":{"line":22,"column":17}},"loc":{"start":{"line":22,"column":42},"end":{"line":32,"column":2}},"line":22},"2":{"name":"(anonymous_2)","decl":{"start":{"line":23,"column":19},"end":{"line":23,"column":20}},"loc":{"start":{"line":23,"column":31},"end":{"line":31,"column":3}},"line":23},"3":{"name":"(anonymous_3)","decl":{"start":{"line":27,"column":21},"end":{"line":27,"column":22}},"loc":{"start":{"line":27,"column":32},"end":{"line":27,"column":59}},"line":27},"4":{"name":"(anonymous_4)","decl":{"start":{"line":34,"column":1},"end":{"line":34,"column":2}},"loc":{"start":{"line":34,"column":21},"end":{"line":44,"column":2}},"line":34},"5":{"name":"(anonymous_5)","decl":{"start":{"line":36,"column":19},"end":{"line":36,"column":20}},"loc":{"start":{"line":36,"column":31},"end":{"line":43,"column":3}},"line":36},"6":{"name":"(anonymous_6)","decl":{"start":{"line":46,"column":1},"end":{"line":46,"column":2}},"loc":{"start":{"line":46,"column":24},"end":{"line":48,"column":2}},"line":46},"7":{"name":"(anonymous_7)","decl":{"start":{"line":50,"column":1},"end":{"line":50,"column":2}},"loc":{"start":{"line":50,"column":10},"end":{"line":68,"column":2}},"line":50}},"branchMap":{"0":{"loc":{"start":{"line":25,"column":4},"end":{"line":27,"column":60}},"type":"cond-expr","locations":[{"start":{"line":26,"column":7},"end":{"line":26,"column":13}},{"start":{"line":27,"column":7},"end":{"line":27,"column":60}}],"line":25},"1":{"loc":{"start":{"line":29,"column":36},"end":{"line":29,"column":70}},"type":"binary-expr","locations":[{"start":{"line":29,"column":36},"end":{"line":29,"column":46}},{"start":{"line":29,"column":50},"end":{"line":29,"column":70}}],"line":29},"2":{"loc":{"start":{"line":37,"column":3},"end":{"line":42,"column":4}},"type":"if","locations":[{"start":{"line":37,"column":3},"end":{"line":42,"column":4}},{"start":{},"end":{}}],"line":37}},"s":{"0":7,"1":7,"2":2,"3":7,"4":2,"5":2,"6":2,"7":2,"8":7,"9":7,"10":7,"11":3,"12":6,"13":15},"f":{"0":2,"1":2,"2":2,"3":2,"4":7,"5":7,"6":6,"7":15},"b":{"0":[1,1],"1":[2,2],"2":[3,4]},"_coverageSchema":"1a1c01bbd47fc00a2c39e90264f33305004495a9","hash":"0990730988425bbd268d54d52f2aabf915905067"}
,"C:\\Users\\ochbo\\Desktop\\CareerFoundry\\meet\\src\\CitySearch.js": {"path":"C:\\Users\\ochbo\\Desktop\\CareerFoundry\\meet\\src\\CitySearch.js","statementMap":{"0":{"start":{"line":4,"column":9},"end":{"line":8,"column":2}},"1":{"start":{"line":10,"column":22},"end":{"line":19,"column":2}},"2":{"start":{"line":11,"column":16},"end":{"line":11,"column":34}},"3":{"start":{"line":12,"column":22},"end":{"line":14,"column":4}},"4":{"start":{"line":13,"column":3},"end":{"line":13,"column":67}},"5":{"start":{"line":15,"column":2},"end":{"line":18,"column":5}},"6":{"start":{"line":21,"column":21},"end":{"line":28,"column":2}},"7":{"start":{"line":22,"column":2},"end":{"line":25,"column":5}},"8":{"start":{"line":27,"column":2},"end":{"line":27,"column":38}},"9":{"start":{"line":31,"column":2},"end":{"line":59,"column":4}},"10":{"start":{"line":39,"column":6},"end":{"line":39,"column":47}},"11":{"start":{"line":47,"column":6},"end":{"line":52,"column":11}},"12":{"start":{"line":49,"column":22},"end":{"line":49,"column":56}},"13":{"start":{"line":54,"column":24},"end":{"line":54,"column":53}}},"fnMap":{"0":{"name":"(anonymous_0)","decl":{"start":{"line":10,"column":22},"end":{"line":10,"column":23}},"loc":{"start":{"line":10,"column":33},"end":{"line":19,"column":2}},"line":10},"1":{"name":"(anonymous_1)","decl":{"start":{"line":12,"column":50},"end":{"line":12,"column":51}},"loc":{"start":{"line":12,"column":64},"end":{"line":14,"column":3}},"line":12},"2":{"name":"(anonymous_2)","decl":{"start":{"line":21,"column":21},"end":{"line":21,"column":22}},"loc":{"start":{"line":21,"column":37},"end":{"line":28,"column":2}},"line":21},"3":{"name":"(anonymous_3)","decl":{"start":{"line":30,"column":1},"end":{"line":30,"column":2}},"loc":{"start":{"line":30,"column":10},"end":{"line":60,"column":2}},"line":30},"4":{"name":"(anonymous_4)","decl":{"start":{"line":38,"column":14},"end":{"line":38,"column":15}},"loc":{"start":{"line":38,"column":20},"end":{"line":40,"column":6}},"line":38},"5":{"name":"(anonymous_5)","decl":{"start":{"line":46,"column":33},"end":{"line":46,"column":34}},"loc":{"start":{"line":47,"column":6},"end":{"line":52,"column":11}},"line":47},"6":{"name":"(anonymous_6)","decl":{"start":{"line":49,"column":16},"end":{"line":49,"column":17}},"loc":{"start":{"line":49,"column":22},"end":{"line":49,"column":56}},"line":49},"7":{"name":"(anonymous_7)","decl":{"start":{"line":54,"column":18},"end":{"line":54,"column":19}},"loc":{"start":{"line":54,"column":24},"end":{"line":54,"column":53}},"line":54}},"branchMap":{"0":{"loc":{"start":{"line":44,"column":12},"end":{"line":44,"column":65}},"type":"cond-expr","locations":[{"start":{"line":44,"column":41},"end":{"line":44,"column":43}},{"start":{"line":44,"column":46},"end":{"line":44,"column":65}}],"line":44}},"s":{"0":7,"1":7,"2":2,"3":2,"4":4,"5":2,"6":7,"7":4,"8":4,"9":25,"10":1,"11":17,"12":2,"13":1},"f":{"0":2,"1":4,"2":4,"3":25,"4":1,"5":17,"6":2,"7":1},"b":{"0":[1,24]},"_coverageSchema":"1a1c01bbd47fc00a2c39e90264f33305004495a9","hash":"a570ff0c0ab2beb5246cfc443b09bfee19a64d77"}
,"C:\\Users\\ochbo\\Desktop\\CareerFoundry\\meet\\src\\EventList.js": {"path":"C:\\Users\\ochbo\\Desktop\\CareerFoundry\\meet\\src\\EventList.js","statementMap":{"0":{"start":{"line":6,"column":32},"end":{"line":6,"column":42}},"1":{"start":{"line":7,"column":2},"end":{"line":15,"column":4}},"2":{"start":{"line":10,"column":5},"end":{"line":12,"column":10}}},"fnMap":{"0":{"name":"(anonymous_0)","decl":{"start":{"line":5,"column":1},"end":{"line":5,"column":2}},"loc":{"start":{"line":5,"column":10},"end":{"line":16,"column":2}},"line":5},"1":{"name":"(anonymous_1)","decl":{"start":{"line":9,"column":36},"end":{"line":9,"column":37}},"loc":{"start":{"line":10,"column":5},"end":{"line":12,"column":10}},"line":10}},"branchMap":{},"s":{"0":12,"1":12,"2":9},"f":{"0":12,"1":9},"b":{},"_coverageSchema":"1a1c01bbd47fc00a2c39e90264f33305004495a9","hash":"8625775bef7d7f77181bdd51a27063933d33cd4c"}
,"C:\\Users\\ochbo\\Desktop\\CareerFoundry\\meet\\src\\NumberOfEvents.js": {"path":"C:\\Users\\ochbo\\Desktop\\CareerFoundry\\meet\\src\\NumberOfEvents.js","statementMap":{"0":{"start":{"line":4,"column":9},"end":{"line":6,"column":2}},"1":{"start":{"line":8,"column":21},"end":{"line":14,"column":2}},"2":{"start":{"line":9,"column":16},"end":{"line":9,"column":34}},"3":{"start":{"line":10,"column":2},"end":{"line":12,"column":5}},"4":{"start":{"line":13,"column":2},"end":{"line":13,"column":36}},"5":{"start":{"line":17,"column":24},"end":{"line":17,"column":34}},"6":{"start":{"line":19,"column":2},"end":{"line":33,"column":4}}},"fnMap":{"0":{"name":"(anonymous_0)","decl":{"start":{"line":8,"column":21},"end":{"line":8,"column":22}},"loc":{"start":{"line":8,"column":32},"end":{"line":14,"column":2}},"line":8},"1":{"name":"(anonymous_1)","decl":{"start":{"line":16,"column":1},"end":{"line":16,"column":2}},"loc":{"start":{"line":16,"column":10},"end":{"line":34,"column":2}},"line":16}},"branchMap":{},"s":{"0":6,"1":6,"2":1,"3":1,"4":1,"5":11,"6":11},"f":{"0":1,"1":11},"b":{},"_coverageSchema":"1a1c01bbd47fc00a2c39e90264f33305004495a9","hash":"92dc4fe48d409064ae49beef57d595c722664307"}
,"C:\\Users\\ochbo\\Desktop\\CareerFoundry\\meet\\src\\api.js": {"path":"C:\\Users\\ochbo\\Desktop\\CareerFoundry\\meet\\src\\api.js","statementMap":{"0":{"start":{"line":5,"column":32},"end":{"line":9,"column":1}},"1":{"start":{"line":6,"column":24},"end":{"line":6,"column":61}},"2":{"start":{"line":6,"column":46},"end":{"line":6,"column":60}},"3":{"start":{"line":7,"column":17},"end":{"line":7,"column":47}},"4":{"start":{"line":8,"column":1},"end":{"line":8,"column":18}},"5":{"start":{"line":11,"column":19},"end":{"line":19,"column":1}},"6":{"start":{"line":12,"column":16},"end":{"line":16,"column":33}},"7":{"start":{"line":15,"column":17},"end":{"line":15,"column":27}},"8":{"start":{"line":16,"column":20},"end":{"line":16,"column":32}},"9":{"start":{"line":18,"column":1},"end":{"line":18,"column":15}},"10":{"start":{"line":21,"column":17},"end":{"line":36,"column":1}},"11":{"start":{"line":22,"column":20},"end":{"line":22,"column":44}},"12":{"start":{"line":23,"column":26},"end":{"line":31,"column":26}},"13":{"start":{"line":29,"column":3},"end":{"line":29,"column":21}},"14":{"start":{"line":31,"column":20},"end":{"line":31,"column":25}},"15":{"start":{"line":33,"column":1},"end":{"line":33,"column":68}},"16":{"start":{"line":35,"column":1},"end":{"line":35,"column":21}},"17":{"start":{"line":38,"column":20},"end":{"line":50,"column":1}},"18":{"start":{"line":39,"column":1},"end":{"line":49,"column":2}},"19":{"start":{"line":41,"column":3},"end":{"line":44,"column":27}},"20":{"start":{"line":45,"column":2},"end":{"line":45,"column":43}},"21":{"start":{"line":47,"column":2},"end":{"line":47,"column":66}},"22":{"start":{"line":48,"column":2},"end":{"line":48,"column":43}},"23":{"start":{"line":52,"column":25},"end":{"line":77,"column":1}},"24":{"start":{"line":53,"column":1},"end":{"line":53,"column":19}},"25":{"start":{"line":55,"column":1},"end":{"line":58,"column":2}},"26":{"start":{"line":56,"column":2},"end":{"line":56,"column":19}},"27":{"start":{"line":57,"column":2},"end":{"line":57,"column":18}},"28":{"start":{"line":60,"column":15},"end":{"line":60,"column":37}},"29":{"start":{"line":62,"column":1},"end":{"line":76,"column":2}},"30":{"start":{"line":63,"column":2},"end":{"line":63,"column":16}},"31":{"start":{"line":65,"column":3},"end":{"line":67,"column":8}},"32":{"start":{"line":68,"column":17},"end":{"line":68,"column":37}},"33":{"start":{"line":69,"column":2},"end":{"line":73,"column":3}},"34":{"start":{"line":70,"column":19},"end":{"line":70,"column":55}},"35":{"start":{"line":71,"column":3},"end":{"line":71,"column":67}},"36":{"start":{"line":72,"column":3},"end":{"line":72,"column":64}},"37":{"start":{"line":74,"column":2},"end":{"line":74,"column":19}},"38":{"start":{"line":75,"column":2},"end":{"line":75,"column":28}},"39":{"start":{"line":79,"column":30},"end":{"line":98,"column":1}},"40":{"start":{"line":80,"column":21},"end":{"line":80,"column":57}},"41":{"start":{"line":82,"column":20},"end":{"line":82,"column":66}},"42":{"start":{"line":84,"column":1},"end":{"line":96,"column":2}},"43":{"start":{"line":85,"column":2},"end":{"line":85,"column":48}},"44":{"start":{"line":86,"column":23},"end":{"line":86,"column":66}},"45":{"start":{"line":87,"column":15},"end":{"line":87,"column":45}},"46":{"start":{"line":88,"column":2},"end":{"line":94,"column":3}},"47":{"start":{"line":89,"column":19},"end":{"line":91,"column":4}},"48":{"start":{"line":92,"column":23},"end":{"line":92,"column":35}},"49":{"start":{"line":93,"column":3},"end":{"line":93,"column":43}},"50":{"start":{"line":95,"column":2},"end":{"line":95,"column":32}},"51":{"start":{"line":97,"column":1},"end":{"line":97,"column":20}}},"fnMap":{"0":{"name":"(anonymous_0)","decl":{"start":{"line":5,"column":32},"end":{"line":5,"column":33}},"loc":{"start":{"line":5,"column":44},"end":{"line":9,"column":1}},"line":5},"1":{"name":"(anonymous_1)","decl":{"start":{"line":6,"column":35},"end":{"line":6,"column":36}},"loc":{"start":{"line":6,"column":46},"end":{"line":6,"column":60}},"line":6},"2":{"name":"(anonymous_2)","decl":{"start":{"line":11,"column":19},"end":{"line":11,"column":20}},"loc":{"start":{"line":11,"column":42},"end":{"line":19,"column":1}},"line":11},"3":{"name":"(anonymous_3)","decl":{"start":{"line":15,"column":8},"end":{"line":15,"column":9}},"loc":{"start":{"line":15,"column":17},"end":{"line":15,"column":27}},"line":15},"4":{"name":"(anonymous_4)","decl":{"start":{"line":16,"column":9},"end":{"line":16,"column":10}},"loc":{"start":{"line":16,"column":20},"end":{"line":16,"column":32}},"line":16},"5":{"name":"(anonymous_5)","decl":{"start":{"line":21,"column":17},"end":{"line":21,"column":18}},"loc":{"start":{"line":21,"column":33},"end":{"line":36,"column":1}},"line":21},"6":{"name":"(anonymous_6)","decl":{"start":{"line":28,"column":8},"end":{"line":28,"column":9}},"loc":{"start":{"line":28,"column":17},"end":{"line":30,"column":3}},"line":28},"7":{"name":"(anonymous_7)","decl":{"start":{"line":31,"column":9},"end":{"line":31,"column":10}},"loc":{"start":{"line":31,"column":20},"end":{"line":31,"column":25}},"line":31},"8":{"name":"(anonymous_8)","decl":{"start":{"line":38,"column":20},"end":{"line":38,"column":21}},"loc":{"start":{"line":38,"column":26},"end":{"line":50,"column":1}},"line":38},"9":{"name":"(anonymous_9)","decl":{"start":{"line":52,"column":25},"end":{"line":52,"column":26}},"loc":{"start":{"line":52,"column":37},"end":{"line":77,"column":1}},"line":52},"10":{"name":"(anonymous_10)","decl":{"start":{"line":79,"column":30},"end":{"line":79,"column":31}},"loc":{"start":{"line":79,"column":42},"end":{"line":98,"column":1}},"line":79}},"branchMap":{"0":{"loc":{"start":{"line":33,"column":1},"end":{"line":33,"column":67}},"type":"binary-expr","locations":[{"start":{"line":33,"column":1},"end":{"line":33,"column":13}},{"start":{"line":33,"column":17},"end":{"line":33,"column":67}}],"line":33},"1":{"loc":{"start":{"line":39,"column":1},"end":{"line":49,"column":2}},"type":"if","locations":[{"start":{"line":39,"column":1},"end":{"line":49,"column":2}},{"start":{"line":46,"column":8},"end":{"line":49,"column":2}}],"line":39},"2":{"loc":{"start":{"line":39,"column":5},"end":{"line":39,"column":57}},"type":"binary-expr","locations":[{"start":{"line":39,"column":5},"end":{"line":39,"column":29}},{"start":{"line":39,"column":33},"end":{"line":39,"column":57}}],"line":39},"3":{"loc":{"start":{"line":55,"column":1},"end":{"line":58,"column":2}},"type":"if","locations":[{"start":{"line":55,"column":1},"end":{"line":58,"column":2}},{"start":{},"end":{}}],"line":55},"4":{"loc":{"start":{"line":62,"column":1},"end":{"line":76,"column":2}},"type":"if","locations":[{"start":{"line":62,"column":1},"end":{"line":76,"column":2}},{"start":{},"end":{}}],"line":62},"5":{"loc":{"start":{"line":69,"column":2},"end":{"line":73,"column":3}},"type":"if","locations":[{"start":{"line":69,"column":2},"end":{"line":73,"column":3}},{"start":{},"end":{}}],"line":69},"6":{"loc":{"start":{"line":82,"column":20},"end":{"line":82,"column":66}},"type":"binary-expr","locations":[{"start":{"line":82,"column":20},"end":{"line":82,"column":31}},{"start":{"line":82,"column":36},"end":{"line":82,"column":65}}],"line":82},"7":{"loc":{"start":{"line":84,"column":1},"end":{"line":96,"column":2}},"type":"if","locations":[{"start":{"line":84,"column":1},"end":{"line":96,"column":2}},{"start":{},"end":{}}],"line":84},"8":{"loc":{"start":{"line":84,"column":5},"end":{"line":84,"column":37}},"type":"binary-expr","locations":[{"start":{"line":84,"column":5},"end":{"line":84,"column":17}},{"start":{"line":84,"column":21},"end":{"line":84,"column":37}}],"line":84},"9":{"loc":{"start":{"line":88,"column":2},"end":{"line":94,"column":3}},"type":"if","locations":[{"start":{"line":88,"column":2},"end":{"line":94,"column":3}},{"start":{},"end":{}}],"line":88},"10":{"loc":{"start":{"line":95,"column":9},"end":{"line":95,"column":31}},"type":"binary-expr","locations":[{"start":{"line":95,"column":9},"end":{"line":95,"column":13}},{"start":{"line":95,"column":17},"end":{"line":95,"column":31}}],"line":95}},"s":{"0":2,"1":5,"2":10,"3":5,"4":5,"5":2,"6":0,"7":0,"8":0,"9":0,"10":2,"11":0,"12":0,"13":0,"14":0,"15":0,"16":0,"17":2,"18":0,"19":0,"20":0,"21":0,"22":0,"23":2,"24":11,"25":11,"26":11,"27":11,"28":0,"29":0,"30":0,"31":0,"32":0,"33":0,"34":0,"35":0,"36":0,"37":0,"38":0,"39":2,"40":0,"41":0,"42":0,"43":0,"44":0,"45":0,"46":0,"47":0,"48":0,"49":0,"50":0,"51":0},"f":{"0":5,"1":10,"2":0,"3":0,"4":0,"5":0,"6":0,"7":0,"8":0,"9":11,"10":0},"b":{"0":[0,0],"1":[0,0],"2":[0,0],"3":[11,0],"4":[0,0],"5":[0,0],"6":[0,0],"7":[0,0],"8":[0,0],"9":[0,0],"10":[0,0]},"_coverageSchema":"1a1c01bbd47fc00a2c39e90264f33305004495a9","hash":"f298b73576679f6b450507b98082f62233284e18"}
,"C:\\Users\\ochbo\\Desktop\\CareerFoundry\\meet\\src\\index.js": {"path":"C:\\Users\\ochbo\\Desktop\\CareerFoundry\\meet\\src\\index.js","statementMap":{"0":{"start":{"line":8,"column":0},"end":{"line":13,"column":2}},"1":{"start":{"line":18,"column":0},"end":{"line":18,"column":39}},"2":{"start":{"line":23,"column":0},"end":{"line":23,"column":18}}},"fnMap":{},"branchMap":{},"s":{"0":0,"1":0,"2":0},"f":{},"b":{}}
,"C:\\Users\\ochbo\\Desktop\\CareerFoundry\\meet\\src\\mock-data.js": {"path":"C:\\Users\\ochbo\\Desktop\\CareerFoundry\\meet\\src\\mock-data.js","statementMap":{"0":{"start":{"line":1,"column":17},"end":{"line":84,"column":1}}},"fnMap":{},"branchMap":{},"s":{"0":3},"f":{},"b":{},"_coverageSchema":"1a1c01bbd47fc00a2c39e90264f33305004495a9","hash":"585f0571c58ea9593918141cc6a2d0daf6178568"}
}
