TN:
SF:src\App.js
FN:16,(anonymous_0)
FN:22,(anonymous_1)
FN:23,(anonymous_2)
FN:27,(anonymous_3)
FN:34,(anonymous_4)
FN:36,(anonymous_5)
FN:46,(anonymous_6)
FN:50,(anonymous_7)
FNF:8
FNH:8
FNDA:2,(anonymous_0)
FNDA:2,(anonymous_1)
FNDA:2,(anonymous_2)
FNDA:2,(anonymous_3)
FNDA:7,(anonymous_4)
FNDA:7,(anonymous_5)
FNDA:6,(anonymous_6)
FNDA:15,(anonymous_7)
DA:10,7
DA:16,7
DA:17,2
DA:22,7
DA:23,2
DA:25,2
DA:27,2
DA:28,2
DA:35,7
DA:36,7
DA:37,7
DA:38,3
DA:47,6
DA:51,15
LF:14
LH:14
BRDA:25,0,0,1
BRDA:25,0,1,1
BRDA:29,1,0,2
BRDA:29,1,1,2
BRDA:37,2,0,3
BRDA:37,2,1,4
BRF:6
BRH:6
end_of_record
TN:
SF:src\CitySearch.js
FN:10,(anonymous_0)
FN:12,(anonymous_1)
FN:21,(anonymous_2)
FN:30,(anonymous_3)
FN:38,(anonymous_4)
FN:46,(anonymous_5)
FN:49,(anonymous_6)
FN:54,(anonymous_7)
FNF:8
FNH:8
FNDA:2,(anonymous_0)
FNDA:4,(anonymous_1)
FNDA:4,(anonymous_2)
FNDA:25,(anonymous_3)
FNDA:1,(anonymous_4)
FNDA:17,(anonymous_5)
FNDA:2,(anonymous_6)
FNDA:1,(anonymous_7)
DA:4,7
DA:10,7
DA:11,2
DA:12,2
DA:13,4
DA:15,2
DA:21,7
DA:22,4
DA:27,4
DA:31,25
DA:39,1
DA:47,17
DA:49,2
DA:54,1
LF:14
LH:14
BRDA:44,0,0,1
BRDA:44,0,1,24
BRF:2
BRH:2
end_of_record
TN:
SF:src\EventList.js
FN:5,(anonymous_0)
FN:9,(anonymous_1)
FNF:2
FNH:2
FNDA:12,(anonymous_0)
FNDA:9,(anonymous_1)
DA:6,12
DA:7,12
DA:10,9
LF:3
LH:3
BRF:0
BRH:0
end_of_record
TN:
SF:src\NumberOfEvents.js
FN:8,(anonymous_0)
FN:16,(anonymous_1)
FNF:2
FNH:2
FNDA:1,(anonymous_0)
FNDA:11,(anonymous_1)
DA:4,6
DA:8,6
DA:9,1
DA:10,1
DA:13,1
DA:17,11
DA:19,11
LF:7
LH:7
BRF:0
BRH:0
end_of_record
TN:
SF:src\api.js
FN:5,(anonymous_0)
FN:6,(anonymous_1)
FN:11,(anonymous_2)
FN:15,(anonymous_3)
FN:16,(anonymous_4)
FN:21,(anonymous_5)
FN:28,(anonymous_6)
FN:31,(anonymous_7)
FN:38,(anonymous_8)
FN:52,(anonymous_9)
FN:79,(anonymous_10)
FNF:11
FNH:3
FNDA:5,(anonymous_0)
FNDA:10,(anonymous_1)
FNDA:0,(anonymous_2)
FNDA:0,(anonymous_3)
FNDA:0,(anonymous_4)
FNDA:0,(anonymous_5)
FNDA:0,(anonymous_6)
FNDA:0,(anonymous_7)
FNDA:0,(anonymous_8)
FNDA:11,(anonymous_9)
FNDA:0,(anonymous_10)
DA:5,2
DA:6,10
DA:7,5
DA:8,5
DA:11,2
DA:12,0
DA:15,0
DA:16,0
DA:18,0
DA:21,2
DA:22,0
DA:23,0
DA:29,0
DA:31,0
DA:33,0
DA:35,0
DA:38,2
DA:39,0
DA:41,0
DA:45,0
DA:47,0
DA:48,0
DA:52,2
DA:53,11
DA:55,11
DA:56,11
DA:57,11
DA:60,0
DA:62,0
DA:63,0
DA:65,0
DA:68,0
DA:69,0
DA:70,0
DA:71,0
DA:72,0
DA:74,0
DA:75,0
DA:79,2
DA:80,0
DA:82,0
DA:84,0
DA:85,0
DA:86,0
DA:87,0
DA:88,0
DA:89,0
DA:92,0
DA:93,0
DA:95,0
DA:97,0
LF:51
LH:13
BRDA:33,0,0,0
BRDA:33,0,1,0
BRDA:39,1,0,0
BRDA:39,1,1,0
BRDA:39,2,0,0
BRDA:39,2,1,0
BRDA:55,3,0,11
BRDA:55,3,1,0
BRDA:62,4,0,0
BRDA:62,4,1,0
BRDA:69,5,0,0
BRDA:69,5,1,0
BRDA:82,6,0,0
BRDA:82,6,1,0
BRDA:84,7,0,0
BRDA:84,7,1,0
BRDA:84,8,0,0
BRDA:84,8,1,0
BRDA:88,9,0,0
BRDA:88,9,1,0
BRDA:95,10,0,0
BRDA:95,10,1,0
BRF:22
BRH:1
end_of_record
TN:
SF:src\index.js
FNF:0
FNH:0
DA:8,0
DA:18,0
DA:23,0
LF:3
LH:0
BRF:0
BRH:0
end_of_record
TN:
SF:src\mock-data.js
FNF:0
FNH:0
DA:1,3
LF:1
LH:1
BRF:0
BRH:0
end_of_record
